<?xml version="1.0" encoding="UTF-8"?>
<!-- Generated by org.testng.reporters.JUnitReportReporter -->
<testsuite hostname="PRAMOD_K_L" failures="0" tests="1" name="frameworks.script1" time="3.159" errors="0" timestamp="2025-08-03T12:51:46 IST" skipped="0">
  <testcase classname="frameworks.script1" name="script01" time="3.159">
    <system-out>
      <![CDATA[xxxxxxxxxxxxxxxxxxxxxxxxx]]>
    </system-out>
  </testcase> <!-- script01 -->
  <system-out>
    <![CDATA[xxxxxxxxxxxxxxxxxxxxxxxxx]]>
  </system-out>
</testsuite> <!-- frameworks.script1 -->
