<?xml version="1.0" encoding="UTF-8"?>
<!-- Generated by org.testng.reporters.JUnitReportReporter -->
<testsuite hostname="PRAMOD_K_L" failures="0" tests="1" name="POM.group1_signup" time="0.008" errors="0" timestamp="2025-08-09T19:25:38 IST" skipped="0">
  <testcase classname="POM.group1_signup" name="tc1" time="0.008"/>
</testsuite> <!-- POM.group1_signup -->
