<?xml version="1.0" encoding="UTF-8"?>
<!-- Generated by org.testng.reporters.JUnitReportReporter -->
<testsuite hostname="PRAMOD_K_L" failures="0" tests="2" name="frameworks.parallel_execution" time="13.240" errors="0" timestamp="2025-08-16T10:23:35 IST" skipped="0">
  <testcase classname="frameworks.parallel_execution" name="login" time="8.873"/>
  <testcase classname="frameworks.parallel_execution" name="login" time="4.367"/>
</testsuite> <!-- frameworks.parallel_execution -->
