<?xml version="1.0" encoding="UTF-8"?>
<!-- Generated by org.testng.reporters.JUnitReportReporter -->
<testsuite hostname="PRAMOD_K_L" failures="0" tests="4" name="excel.excel_integrationTC" time="22.037" errors="0" timestamp="2025-08-10T12:43:53 IST" skipped="0">
  <testcase classname="excel.excel_integrationTC" name="login" time="5.097"/>
  <testcase classname="excel.excel_integrationTC" name="login" time="5.588"/>
  <testcase classname="excel.excel_integrationTC" name="login" time="6.200"/>
  <testcase classname="excel.excel_integrationTC" name="login" time="5.152"/>
</testsuite> <!-- excel.excel_integrationTC -->
