<?xml version="1.0" encoding="UTF-8"?>
<!-- Generated by org.testng.reporters.JUnitReportReporter -->
<testsuite hostname="PRAMOD_K_L" failures="0" tests="1" name="POM.group1_login" time="0.001" errors="0" timestamp="2025-08-09T19:25:38 IST" skipped="0">
  <testcase classname="POM.group1_login" name="tc1" time="0.001"/>
</testsuite> <!-- POM.group1_login -->
