<?xml version="1.0" encoding="UTF-8"?>
<!-- Generated by org.testng.reporters.JUnitReportReporter -->
<testsuite hostname="PRAMOD_K_L" failures="0" tests="1" name="POM.TC03" time="4.069" errors="0" timestamp="2025-08-16T14:59:40 IST" skipped="0">
  <testcase classname="POM.TC03" name="tc3" time="4.069"/>
</testsuite> <!-- POM.TC03 -->
