<?xml version="1.0" encoding="UTF-8"?>
<!-- Generated by org.testng.reporters.JUnitReportReporter -->
<testsuite hostname="PRAMOD_K_L" failures="0" tests="2" name="POM.group2_login" time="0.008" errors="0" timestamp="2025-08-09T19:34:29 IST" skipped="0">
  <testcase classname="POM.group2_login" name="tc1" time="0.006"/>
  <testcase classname="POM.group2_login" name="tc2" time="0.002"/>
</testsuite> <!-- POM.group2_login -->
