<?xml version="1.0" encoding="UTF-8"?>
<!-- Generated by org.testng.reporters.JUnitReportReporter -->
<testsuite hostname="PRAMOD_K_L" failures="0" tests="1" name="propertyfile.TC01" time="3.785" errors="0" timestamp="2025-08-16T12:06:22 IST" skipped="0">
  <testcase classname="propertyfile.TC01" name="tc1" time="3.785"/>
</testsuite> <!-- propertyfile.TC01 -->
