<?xml version="1.0" encoding="UTF-8"?>
<!-- Generated by org.testng.reporters.JUnitReportReporter -->
<testsuite hostname="PRAMOD_K_L" failures="0" tests="4" name="excel.bw_classtestcase" time="17.825" errors="0" timestamp="2025-08-10T11:50:37 IST" skipped="0">
  <testcase classname="excel.bw_classtestcase" name="login" time="4.663"/>
  <testcase classname="excel.bw_classtestcase" name="login" time="4.590"/>
  <testcase classname="excel.bw_classtestcase" name="login" time="4.306"/>
  <testcase classname="excel.bw_classtestcase" name="login" time="4.266"/>
</testsuite> <!-- excel.bw_classtestcase -->
