<?xml version="1.0" encoding="UTF-8"?>
<!-- Generated by org.testng.reporters.JUnitReportReporter -->
<testsuite hostname="PRAMOD_K_L" failures="0" tests="1" name="POM.TC01" time="3.606" errors="0" timestamp="2025-08-16T14:59:40 IST" skipped="0">
  <testcase classname="POM.TC01" name="tc1" time="3.606"/>
</testsuite> <!-- POM.TC01 -->
