<?xml version="1.0" encoding="UTF-8"?>
<!-- Generated by org.testng.reporters.JUnitReportReporter -->
<testsuite hostname="PRAMOD_K_L" failures="0" tests="2" name="frameworks.browser" time="43.462" errors="0" timestamp="2025-08-09T13:00:12 IST" skipped="1">
  <testcase classname="frameworks.browser" name="chrome" time="43.462">
    <system-out>
      <![CDATA[ok]]>
    </system-out>
  </testcase> <!-- chrome -->
  <testcase classname="frameworks.browser" name="fire">
    <skipped/>
  </testcase> <!-- fire -->
  <system-out>
    <![CDATA[ok]]>
  </system-out>
</testsuite> <!-- frameworks.browser -->
