<?xml version="1.0" encoding="UTF-8"?>
<!-- Generated by org.testng.reporters.JUnitReportReporter -->
<testsuite hostname="PRAMOD_K_L" failures="0" tests="4" name="excel.testcase" time="110.916" errors="0" timestamp="2025-08-10T11:38:03 IST" skipped="0">
  <testcase classname="excel.testcase" name="login" time="32.687"/>
  <testcase classname="excel.testcase" name="login" time="32.324"/>
  <testcase classname="excel.testcase" name="login" time="22.368"/>
  <testcase classname="excel.testcase" name="login" time="23.537"/>
</testsuite> <!-- excel.testcase -->
